{"numFailedTestSuites":1,"numFailedTests":1,"numPassedTestSuites":0,"numPassedTests":0,"numPendingTestSuites":0,"numPendingTests":0,"numRuntimeErrorTestSuites":0,"numTodoTests":0,"numTotalTestSuites":1,"numTotalTests":1,"openHandles":[],"snapshot":{"added":0,"didUpdate":false,"failure":false,"filesAdded":0,"filesRemoved":0,"filesRemovedList":[],"filesUnmatched":0,"filesUpdated":0,"matched":0,"total":0,"unchecked":0,"uncheckedKeysByFile":[],"unmatched":0,"updated":0},"startTime":1638370800487,"success":false,"testResults":[{"assertionResults":[{"ancestorTitles":["Button"],"failureMessages":["Error: Unable to find an element with the text: Click meе. This could be because the text is broken up by multiple elements. In this case, you can provide a function for your text matcher to make your matcher more flexible.\n\n\u001b[36m<body>\u001b[39m\n  \u001b[36m<div>\u001b[39m\n    \u001b[36m<button\u001b[39m\n      \u001b[33mclass\u001b[39m=\u001b[32m\"button primary onLight\"\u001b[39m\n      \u001b[33mtype\u001b[39m=\u001b[32m\"button\"\u001b[39m\n    \u001b[36m>\u001b[39m\n      \u001b[0mClick me\u001b[0m\n    \u001b[36m</button>\u001b[39m\n  \u001b[36m</div>\u001b[39m\n\u001b[36m</body>\u001b[39m\n    at waitForWrapper (/Users/radoslavpopov/workspace/arcane/ui-lib/node_modules/@testing-library/react/node_modules/@testing-library/dom/dist/wait-for.js:173:27)\n    at findByText (/Users/radoslavpopov/workspace/arcane/ui-lib/node_modules/@testing-library/react/node_modules/@testing-library/dom/dist/query-helpers.js:101:33)\n    at Object.<anonymous> (/Users/radoslavpopov/workspace/arcane/ui-lib/src/components/Button/index.test.js:14:37)\n    at Promise.then.completed (/Users/radoslavpopov/workspace/arcane/ui-lib/node_modules/jest-circus/build/utils.js:276:28)\n    at new Promise (<anonymous>)\n    at callAsyncCircusFn (/Users/radoslavpopov/workspace/arcane/ui-lib/node_modules/jest-circus/build/utils.js:216:10)\n    at _callCircusTest (/Users/radoslavpopov/workspace/arcane/ui-lib/node_modules/jest-circus/build/run.js:212:40)\n    at processTicksAndRejections (node:internal/process/task_queues:96:5)\n    at _runTest (/Users/radoslavpopov/workspace/arcane/ui-lib/node_modules/jest-circus/build/run.js:149:3)\n    at _runTestsForDescribeBlock (/Users/radoslavpopov/workspace/arcane/ui-lib/node_modules/jest-circus/build/run.js:63:9)\n    at _runTestsForDescribeBlock (/Users/radoslavpopov/workspace/arcane/ui-lib/node_modules/jest-circus/build/run.js:57:9)\n    at run (/Users/radoslavpopov/workspace/arcane/ui-lib/node_modules/jest-circus/build/run.js:25:3)\n    at runAndTransformResultsToJestFormat (/Users/radoslavpopov/workspace/arcane/ui-lib/node_modules/jest-circus/build/legacy-code-todo-rewrite/jestAdapterInit.js:176:21)\n    at jestAdapter (/Users/radoslavpopov/workspace/arcane/ui-lib/node_modules/jest-circus/build/legacy-code-todo-rewrite/jestAdapter.js:109:19)\n    at runTestInternal (/Users/radoslavpopov/workspace/arcane/ui-lib/node_modules/jest-runner/build/runTest.js:380:16)\n    at runTest (/Users/radoslavpopov/workspace/arcane/ui-lib/node_modules/jest-runner/build/runTest.js:472:34)\n    at Object.worker (/Users/radoslavpopov/workspace/arcane/ui-lib/node_modules/jest-runner/build/testWorker.js:133:12)"],"fullName":"Button renders the button and clicks on it","location":null,"status":"failed","title":"renders the button and clicks on it"}],"endTime":1638370804249,"message":"\u001b[1m\u001b[31m  \u001b[1m● \u001b[22m\u001b[1mButton › renders the button and clicks on it\u001b[39m\u001b[22m\n\n    Unable to find an element with the text: Click meе. This could be because the text is broken up by multiple elements. In this case, you can provide a function for your text matcher to make your matcher more flexible.\n\n    \u001b[36m<body>\u001b[39m\n      \u001b[36m<div>\u001b[39m\n        \u001b[36m<button\u001b[39m\n          \u001b[33mclass\u001b[39m=\u001b[32m\"button primary onLight\"\u001b[39m\n          \u001b[33mtype\u001b[39m=\u001b[32m\"button\"\u001b[39m\n        \u001b[36m>\u001b[39m\n          \u001b[0mClick me\u001b[0m\n        \u001b[36m</button>\u001b[39m\n      \u001b[36m</div>\u001b[39m\n    \u001b[36m</body>\u001b[39m\n\u001b[2m\u001b[22m\n\u001b[2m    \u001b[0m \u001b[90m 12 |\u001b[39m     )\u001b[33m;\u001b[39m\u001b[0m\u001b[22m\n\u001b[2m    \u001b[0m \u001b[90m 13 |\u001b[39m\u001b[0m\u001b[22m\n\u001b[2m    \u001b[0m\u001b[31m\u001b[1m>\u001b[22m\u001b[2m\u001b[39m\u001b[90m 14 |\u001b[39m     \u001b[36mconst\u001b[39m element \u001b[33m=\u001b[39m \u001b[36mawait\u001b[39m component\u001b[33m.\u001b[39mfindByText(\u001b[32m'Click meе'\u001b[39m)\u001b[33m;\u001b[39m\u001b[0m\u001b[22m\n\u001b[2m    \u001b[0m \u001b[90m    |\u001b[39m                                     \u001b[31m\u001b[1m^\u001b[22m\u001b[2m\u001b[39m\u001b[0m\u001b[22m\n\u001b[2m    \u001b[0m \u001b[90m 15 |\u001b[39m     expect(element)\u001b[33m.\u001b[39mtoBeTruthy()\u001b[33m;\u001b[39m\u001b[0m\u001b[22m\n\u001b[2m    \u001b[0m \u001b[90m 16 |\u001b[39m\u001b[0m\u001b[22m\n\u001b[2m    \u001b[0m \u001b[90m 17 |\u001b[39m     element\u001b[33m.\u001b[39mclick()\u001b[33m;\u001b[39m\u001b[0m\u001b[22m\n\u001b[2m\u001b[22m\n\u001b[2m      \u001b[2mat waitForWrapper (\u001b[22m\u001b[2mnode_modules/@testing-library/react/node_modules/@testing-library/dom/dist/wait-for.js\u001b[2m:173:27)\u001b[22m\u001b[2m\u001b[22m\n\u001b[2m      \u001b[2mat findByText (\u001b[22m\u001b[2mnode_modules/@testing-library/react/node_modules/@testing-library/dom/dist/query-helpers.js\u001b[2m:101:33)\u001b[22m\u001b[2m\u001b[22m\n\u001b[2m      \u001b[2mat Object.<anonymous> (\u001b[22m\u001b[2m\u001b[0m\u001b[36msrc/components/Button/index.test.js\u001b[39m\u001b[0m\u001b[2m:14:37)\u001b[22m\u001b[2m\u001b[22m\n","name":"/Users/radoslavpopov/workspace/arcane/ui-lib/src/components/Button/index.test.js","startTime":1638370801370,"status":"failed","summary":""}],"wasInterrupted":false}