{"numFailedTestSuites":0,"numFailedTests":0,"numPassedTestSuites":1,"numPassedTests":1,"numPendingTestSuites":0,"numPendingTests":0,"numRuntimeErrorTestSuites":0,"numTodoTests":0,"numTotalTestSuites":1,"numTotalTests":1,"openHandles":[],"snapshot":{"added":0,"didUpdate":false,"failure":false,"filesAdded":0,"filesRemoved":0,"filesRemovedList":[],"filesUnmatched":0,"filesUpdated":0,"matched":0,"total":0,"unchecked":0,"uncheckedKeysByFile":[],"unmatched":0,"updated":0},"startTime":1638367384325,"success":true,"testResults":[{"assertionResults":[{"ancestorTitles":["Button"],"failureMessages":[],"fullName":"Button renders the button and clicks on it","location":null,"status":"passed","title":"renders the button and clicks on it"}],"endTime":1638367386459,"message":"","name":"/Users/radoslavpopov/workspace/arcane/ui-lib/src/components/Button/index.test.js","startTime":1638367384915,"status":"passed","summary":""}],"wasInterrupted":false}